<?xml version="1.0" encoding="UTF-8"?>
<!-- Generated by org.testng.reporters.JUnitReportReporter -->
<testsuite hostname="Apples-MacBook-Pro.local" failures="0" tests="3" name="TestNG.Assignment27March" time="9.302" errors="0" timestamp="2025-03-27T15:28:54 IST" skipped="0">
  <testcase classname="TestNG.Assignment27March" name="createAccount" time="4.585">
    <system-out>
      <![CDATA[Account is created]]>
    </system-out>
  </testcase> <!-- createAccount -->
  <testcase classname="TestNG.Assignment27March" name="editAccount" time="2.418">
    <system-out>
      <![CDATA[Account is edited]]>
    </system-out>
  </testcase> <!-- editAccount -->
  <testcase classname="TestNG.Assignment27March" name="deleteAccount" time="2.299">
    <system-out>
      <![CDATA[Account is deleted]]>
    </system-out>
  </testcase> <!-- deleteAccount -->
  <system-out>
    <![CDATA[Account is created
Account is edited
Account is deleted]]>
  </system-out>
</testsuite> <!-- TestNG.Assignment27March -->
