<?xml version="1.0" encoding="UTF-8"?>
<!-- Generated by org.testng.reporters.JUnitReportReporter -->
<testsuite hostname="Apples-MacBook-Pro.local" failures="0" tests="2" name="TestNG.AnnotationAttributes" time="34.203" errors="0" timestamp="2025-03-27T11:56:16 IST" skipped="0">
  <testcase classname="TestNG.AnnotationAttributes" name="register" time="20.800"/>
  <testcase classname="TestNG.AnnotationAttributes" name="login" time="13.403"/>
</testsuite> <!-- TestNG.AnnotationAttributes -->
