<?xml version="1.0" encoding="UTF-8"?>
<!-- Generated by org.testng.reporters.JUnitReportReporter -->
<testsuite hostname="Apples-MacBook-Pro.local" failures="0" tests="2" name="TestNG.enabled_false" time="6.908" errors="0" timestamp="2025-03-28T10:48:10 IST" skipped="1">
  <testcase classname="TestNG.enabled_false" name="register" time="6.908"/>
  <testcase classname="TestNG.enabled_false" name="login">
    <skipped/>
  </testcase> <!-- login -->
</testsuite> <!-- TestNG.enabled_false -->
