<?xml version="1.0" encoding="UTF-8"?>
<!-- Generated by org.testng.reporters.JUnitReportReporter -->
<testsuite hostname="Apples-MacBook-Pro.local" failures="0" tests="1" name="Assertion.ToLearnHardAssert" time="13.525" errors="0" timestamp="2025-04-03T11:01:33 IST" skipped="0">
  <testcase classname="Assertion.ToLearnHardAssert" name="login" time="13.525">
    <system-out>
      <![CDATA[Login page is displayed
Home page is displayed]]>
    </system-out>
  </testcase> <!-- login -->
  <system-out>
    <![CDATA[Login page is displayed
Home page is displayed]]>
  </system-out>
</testsuite> <!-- Assertion.ToLearnHardAssert -->
