<?xml version="1.0" encoding="UTF-8"?>
<!-- Generated by org.testng.reporters.JUnitReportReporter -->
<testsuite hostname="Apples-MacBook-Pro.local" failures="0" tests="1" name="Assertion.TestScript3" time="5.936" errors="0" timestamp="2025-04-03T21:57:08 IST" skipped="0">
  <testcase classname="Assertion.TestScript3" name="clickOnElectronics" time="5.936">
    <system-out>
      <![CDATA[Electronics page is displayed]]>
    </system-out>
  </testcase> <!-- clickOnElectronics -->
  <system-out>
    <![CDATA[Gift Cards page is displayed
Electronics page is displayed
Apparel & Shoes page is displayed
Books page is displayed
Computers page is displayed]]>
  </system-out>
</testsuite> <!-- Assertion.TestScript3 -->
