<?xml version="1.0" encoding="UTF-8"?>
<!-- Generated by org.testng.reporters.JUnitReportReporter -->
<testsuite hostname="Apples-MacBook-Pro.local" failures="0" tests="5" name="TestNG.threadPoolSize" time="39.253" errors="0" timestamp="2025-03-28T10:35:56 IST" skipped="0">
  <testcase classname="TestNG.threadPoolSize" name="register" time="7.089"/>
  <testcase classname="TestNG.threadPoolSize" name="login" time="8.001"/>
  <testcase classname="TestNG.threadPoolSize" name="login" time="8.006"/>
  <testcase classname="TestNG.threadPoolSize" name="login" time="7.995"/>
  <testcase classname="TestNG.threadPoolSize" name="login" time="8.162"/>
</testsuite> <!-- TestNG.threadPoolSize -->
