<?xml version="1.0" encoding="UTF-8"?>
<!-- Generated by org.testng.reporters.JUnitReportReporter -->
<testsuite hostname="Apples-MacBook-Pro.local" failures="0" tests="1" name="Assertion.ToLearnSoftAssert" time="10.023" errors="0" timestamp="2025-04-03T11:24:02 IST" skipped="0">
  <testcase classname="Assertion.ToLearnSoftAssert" name="login" time="10.023">
    <system-out>
      <![CDATA[Login page is displayed
Home page is displayed]]>
    </system-out>
  </testcase> <!-- login -->
  <system-out>
    <![CDATA[Login page is displayed
Home page is displayed]]>
  </system-out>
</testsuite> <!-- Assertion.ToLearnSoftAssert -->
