<?xml version="1.0" encoding="UTF-8"?>
<!-- Generated by org.testng.reporters.JUnitReportReporter -->
<testsuite hostname="Apples-MacBook-Pro.local" failures="0" tests="1" name="TestNG.Yamaha" time="13.871" errors="0" timestamp="2025-03-29T10:50:17 IST" skipped="0">
  <testcase classname="TestNG.Yamaha" name="launch" time="13.871">
    <system-out>
      <![CDATA[Yamaha launched successfully]]>
    </system-out>
  </testcase> <!-- launch -->
  <system-out>
    <![CDATA[Yamaha launched successfully
 Bajaj launched successfully]]>
  </system-out>
</testsuite> <!-- TestNG.Yamaha -->
