<?xml version="1.0" encoding="UTF-8"?>
<!-- Generated by org.testng.reporters.JUnitReportReporter -->
<testsuite hostname="Apples-MacBook-Pro.local" failures="0" tests="1" name="TestNG.TestScript2" time="4.946" errors="0" timestamp="2025-04-02T13:01:04 IST" skipped="0">
  <testcase classname="TestNG.TestScript2" name="clickOnComputers" time="4.946">
    <system-out>
      <![CDATA[Computers page is displayed]]>
    </system-out>
  </testcase> <!-- clickOnComputers -->
  <system-out>
    <![CDATA[Books page is displayed
Electronics page is displayed
Computers page is displayed
Gift Cards page is displayed
Apparel & Shoes page is displayed]]>
  </system-out>
</testsuite> <!-- TestNG.TestScript2 -->
