<?xml version="1.0" encoding="UTF-8"?>
<!-- Generated by org.testng.reporters.JUnitReportReporter -->
<testsuite hostname="Apples-MacBook-Pro.local" failures="0" tests="4" name="dataprovider.LearnDataProvider" time="14.901" errors="0" timestamp="2025-04-04T11:28:45 IST" skipped="0">
  <testcase classname="dataprovider.LearnDataProvider" name="login" time="3.355"/>
  <testcase classname="dataprovider.LearnDataProvider" name="login" time="4.521"/>
  <testcase classname="dataprovider.LearnDataProvider" name="login" time="3.521"/>
  <testcase classname="dataprovider.LearnDataProvider" name="login" time="3.504"/>
</testsuite> <!-- dataprovider.LearnDataProvider -->
