<?xml version="1.0" encoding="UTF-8"?>
<!-- Generated by org.testng.reporters.JUnitReportReporter -->
<testsuite hostname="Apples-MacBook-Pro.local" failures="0" tests="1" name="TestNG.Ferrari" time="88.552" errors="0" timestamp="2025-03-28T11:57:35 IST" skipped="0">
  <testcase classname="TestNG.Ferrari" name="launch" time="88.552">
    <system-out>
      <![CDATA[Ferrari launched successfully]]>
    </system-out>
  </testcase> <!-- launch -->
  <system-out>
    <![CDATA[Lamborghini launched successfully
Ferrari launched successfully
RollsRoyce launched successfully
Volkswagen launched successfully]]>
  </system-out>
</testsuite> <!-- TestNG.Ferrari -->
