<?xml version="1.0" encoding="UTF-8"?>
<!-- Generated by org.testng.reporters.JUnitReportReporter -->
<testsuite hostname="Apples-MacBook-Pro.local" failures="0" tests="2" name="TestNG.ConfigurationAnnonationsSuite" time="0.016" errors="0" timestamp="2025-04-02T11:30:43 IST" skipped="0">
  <testcase classname="TestNG.ConfigurationAnnonationsSuite" name="launch" time="0.004">
    <system-out>
      <![CDATA[@Test(launch) executed]]>
    </system-out>
  </testcase> <!-- launch -->
  <testcase classname="TestNG.ConfigurationAnnonationsSuite" name="demo" time="0.012">
    <system-out>
      <![CDATA[@Test(demo) executed]]>
    </system-out>
  </testcase> <!-- demo -->
  <system-out>
    <![CDATA[@BeforeSuite
@BeforeTest
@BeforeClass
@BeforeMethod
@Test(demo) executed
@AfterMethod
@BeforeMethod
@Test(launch) executed
@AfterMethod
@AfterClass
@AfterTest
@AfterSuite]]>
  </system-out>
</testsuite> <!-- TestNG.ConfigurationAnnonationsSuite -->
