<?xml version="1.0" encoding="UTF-8"?>
<!-- Generated by org.testng.reporters.JUnitReportReporter -->
<testsuite hostname="Apples-MacBook-Pro.local" failures="0" tests="1" name="Assertion.TestScript1" time="3.888" errors="0" timestamp="2025-04-03T21:57:08 IST" skipped="0">
  <testcase classname="Assertion.TestScript1" name="clickOnBooks" time="3.888">
    <system-out>
      <![CDATA[Books page is displayed]]>
    </system-out>
  </testcase> <!-- clickOnBooks -->
  <system-out>
    <![CDATA[Gift Cards page is displayed
Electronics page is displayed
Apparel & Shoes page is displayed
Books page is displayed
Computers page is displayed]]>
  </system-out>
</testsuite> <!-- Assertion.TestScript1 -->
