<?xml version="1.0" encoding="UTF-8"?>
<!-- Generated by org.testng.reporters.JUnitReportReporter -->
<testsuite hostname="Apples-MacBook-Pro.local" failures="0" tests="1" name="TestNG.TestScript3" time="6.280" errors="0" timestamp="2025-04-02T13:01:04 IST" skipped="0">
  <testcase classname="TestNG.TestScript3" name="clickOnElectronics" time="6.280">
    <system-out>
      <![CDATA[Electronics page is displayed]]>
    </system-out>
  </testcase> <!-- clickOnElectronics -->
  <system-out>
    <![CDATA[Books page is displayed
Electronics page is displayed
Computers page is displayed
Gift Cards page is displayed
Apparel & Shoes page is displayed]]>
  </system-out>
</testsuite> <!-- TestNG.TestScript3 -->
