<?xml version="1.0" encoding="UTF-8"?>
<!-- Generated by org.testng.reporters.JUnitReportReporter -->
<testsuite hostname="Apples-MacBook-Pro.local" failures="0" tests="5" name="TestNG.InvocationCount" time="30.448" errors="0" timestamp="2025-03-28T10:20:30 IST" skipped="0">
  <testcase classname="TestNG.InvocationCount" name="register" time="9.185"/>
  <testcase classname="TestNG.InvocationCount" name="login" time="5.868"/>
  <testcase classname="TestNG.InvocationCount" name="login" time="4.820"/>
  <testcase classname="TestNG.InvocationCount" name="login" time="5.306"/>
  <testcase classname="TestNG.InvocationCount" name="login" time="5.269"/>
</testsuite> <!-- TestNG.InvocationCount -->
