<?xml version="1.0" encoding="UTF-8"?>
<!-- Generated by org.testng.reporters.JUnitReportReporter -->
<testsuite hostname="Apples-MBP" failures="0" tests="1" name="TestNG.Kawasaki" time="7.313" errors="0" timestamp="2025-04-01T09:16:43 IST" skipped="0">
  <testcase classname="TestNG.Kawasaki" name="launch" time="7.313">
    <system-out>
      <![CDATA[Kawasaki launched successfully]]>
    </system-out>
  </testcase> <!-- launch -->
  <system-out>
    <![CDATA[Kawasaki launched successfully]]>
  </system-out>
</testsuite> <!-- TestNG.Kawasaki -->
