<?xml version="1.0" encoding="UTF-8"?>
<!-- Generated by org.testng.reporters.JUnitReportReporter -->
<testsuite hostname="Apples-MacBook-Pro.local" failures="0" tests="1" name="TestNG.TestScript4" time="5.054" errors="0" timestamp="2025-04-02T13:01:04 IST" skipped="0">
  <testcase classname="TestNG.TestScript4" name="clickOnApparels" time="5.054">
    <system-out>
      <![CDATA[Apparel & Shoes page is displayed]]>
    </system-out>
  </testcase> <!-- clickOnApparels -->
  <system-out>
    <![CDATA[Books page is displayed
Electronics page is displayed
Computers page is displayed
Gift Cards page is displayed
Apparel & Shoes page is displayed]]>
  </system-out>
</testsuite> <!-- TestNG.TestScript4 -->
