<?xml version="1.0" encoding="UTF-8"?>
<!-- Generated by org.testng.reporters.JUnitReportReporter -->
<testsuite hostname="Apples-MacBook-Pro.local" failures="0" tests="1" name="TestNG.TC_DWS_002" time="11.463" errors="0" timestamp="2025-04-03T15:20:06 IST" skipped="0">
  <testcase classname="TestNG.TC_DWS_002" name="clickOnComputers" time="11.463">
    <system-out>
      <![CDATA[User is able to click on Computers link]]>
    </system-out>
  </testcase> <!-- clickOnComputers -->
  <system-out>
    <![CDATA[User is able to click on Books link
User is able to click on Computers link]]>
  </system-out>
</testsuite> <!-- TestNG.TC_DWS_002 -->
