<?xml version="1.0" encoding="UTF-8"?>
<!-- Generated by org.testng.reporters.JUnitReportReporter -->
<testsuite hostname="Apples-MacBook-Pro.local" failures="0" tests="2" name="TestNG.TestNgprogram1" time="0.008" errors="0" timestamp="2025-03-26T11:37:23 IST" skipped="0">
  <testcase classname="TestNG.TestNgprogram1" name="login" time="0.007">
    <system-out>
      <![CDATA[login test case executed]]>
    </system-out>
  </testcase> <!-- login -->
  <testcase classname="TestNG.TestNgprogram1" name="register" time="0.001">
    <system-out>
      <![CDATA[register test case executed]]>
    </system-out>
  </testcase> <!-- register -->
  <system-out>
    <![CDATA[login test case executed
register test case executed]]>
  </system-out>
</testsuite> <!-- TestNG.TestNgprogram1 -->
