<?xml version="1.0" encoding="UTF-8"?>
<!-- Generated by org.testng.reporters.JUnitReportReporter -->
<testsuite hostname="Apples-MacBook-Pro.local" failures="0" tests="1" name="TestNG.TestScript5" time="5.027" errors="0" timestamp="2025-04-02T13:01:04 IST" skipped="0">
  <testcase classname="TestNG.TestScript5" name="clickOnGiftCards" time="5.027">
    <system-out>
      <![CDATA[Gift Cards page is displayed]]>
    </system-out>
  </testcase> <!-- clickOnGiftCards -->
  <system-out>
    <![CDATA[Books page is displayed
Electronics page is displayed
Computers page is displayed
Gift Cards page is displayed
Apparel & Shoes page is displayed]]>
  </system-out>
</testsuite> <!-- TestNG.TestScript5 -->
