<?xml version="1.0" encoding="UTF-8"?>
<!-- Generated by org.testng.reporters.JUnitReportReporter -->
<testsuite hostname="Apples-MacBook-Pro.local" failures="0" tests="2" name="TestNG.dependsOnMethods" time="13.609" errors="0" timestamp="2025-03-28T10:57:40 IST" skipped="0">
  <testcase classname="TestNG.dependsOnMethods" name="login" time="5.404"/>
  <testcase classname="TestNG.dependsOnMethods" name="register" time="8.205"/>
</testsuite> <!-- TestNG.dependsOnMethods -->
