<?xml version="1.0" encoding="UTF-8"?>
<!-- Generated by org.testng.reporters.JUnitReportReporter -->
<testsuite hostname="Apples-MacBook-Pro.local" failures="0" tests="1" name="TestNG.ToLearnTestNG" time="0.010" errors="0" timestamp="2025-03-26T10:58:20 IST" skipped="0">
  <testcase classname="TestNG.ToLearnTestNG" name="demo" time="0.010">
    <system-out>
      <![CDATA[Welcome to Testng]]>
    </system-out>
  </testcase> <!-- demo -->
  <system-out>
    <![CDATA[Welcome to Testng]]>
  </system-out>
</testsuite> <!-- TestNG.ToLearnTestNG -->
